<?xml version="1.0" encoding="UTF-8"?>
<!-- Generated by org.testng.reporters.JUnitXMLReporter -->
<testsuite hostname="AS-40" ignored="10" name="Api Complete Fujirah Request " tests="16" failures="0" timestamp="2023-01-23T13:43:42 EET" time="149.503" errors="0">
  <testcase name="setup" time="4.62" classname="Fujirah_FleetAndAdmin.Admin_GetGobId_Test"/>
  <testcase name="loginTest" time="9.588" classname="Fujirah_FleetAndAdmin.Admin_GetGobId_Test"/>
  <testcase name="OpenRequest" time="12.35" classname="Fujirah_FleetAndAdmin.Admin_GetGobId_Test"/>
  <testcase name="SearchWithMobileNumber" time="16.524" classname="Fujirah_FleetAndAdmin.Admin_GetGobId_Test"/>
  <testcase name="GetRequestAndJobOrderID" time="3.097" classname="Fujirah_FleetAndAdmin.Admin_GetGobId_Test"/>
  <testcase name="setup" time="5.776" classname="Fujirah_FleetAndAdmin.Fleet_Towing_AssignRequest_Test"/>
  <testcase name="loginTest" time="22.721" classname="Fujirah_FleetAndAdmin.Fleet_Towing_AssignRequest_Test"/>
  <testcase name="SearchWithjoborderId" time="0.124" classname="Fujirah_FleetAndAdmin.Fleet_Towing_AssignRequest_Test"/>
  <testcase name="Clickdetails" time="5.175" classname="Fujirah_FleetAndAdmin.Fleet_Towing_AssignRequest_Test"/>
  <testcase name="clcikAssignbutton" time="8.198" classname="Fujirah_FleetAndAdmin.Fleet_Towing_AssignRequest_Test"/>
  <testcase name="SerchWithdriverName" time="3.198" classname="Fujirah_FleetAndAdmin.Fleet_Towing_AssignRequest_Test"/>
  <testcase name="selectdriverfromList" time="20.509" classname="Fujirah_FleetAndAdmin.Fleet_Towing_AssignRequest_Test"/>
  <testcase name="confirmAssign" time="5.18" classname="Fujirah_FleetAndAdmin.Fleet_Towing_AssignRequest_Test"/>
  <testcase name="driverLogin" time="1.295" classname="driverApi.API_Driver_Login_Test"/>
  <testcase name="Startjob_Test" time="1.773" classname="driverApi.API_Driver_Startjob_Test"/>
  <testcase name="completejob" time="11.733" classname="driverApi.API_Driver_Fujirah_completejob_Test"/>
  <testcase name="@BeforeSuite loadConfig" time="0.0" classname="com.ERA.base.BaseClass">
    <ignored/>
  </testcase> <!-- @BeforeSuite loadConfig -->
  <testcase name="@BeforeTest beforeClass" time="0.0" classname="com.ERA.base.Base">
    <ignored/>
  </testcase> <!-- @BeforeTest beforeClass -->
  <testcase name="@BeforeTest beforeClass" time="0.0" classname="com.ERA.base.Base">
    <ignored/>
  </testcase> <!-- @BeforeTest beforeClass -->
  <testcase name="@AfterSuite afterSuite" time="0.0" classname="com.ERA.base.Base">
    <ignored/>
  </testcase> <!-- @AfterSuite afterSuite -->
  <testcase name="@AfterSuite afterSuite" time="0.0" classname="com.ERA.base.Base">
    <ignored/>
  </testcase> <!-- @AfterSuite afterSuite -->
  <testcase name="@AfterTest afterTest" time="0.0" classname="com.ERA.base.Base">
    <ignored/>
  </testcase> <!-- @AfterTest afterTest -->
  <testcase name="@AfterTest afterTest" time="0.0" classname="com.ERA.base.Base">
    <ignored/>
  </testcase> <!-- @AfterTest afterTest -->
  <testcase name="@BeforeSuite beforeSuite" time="0.0" classname="com.ERA.base.Base">
    <ignored/>
  </testcase> <!-- @BeforeSuite beforeSuite -->
  <testcase name="@BeforeSuite beforeSuite" time="0.0" classname="com.ERA.base.Base">
    <ignored/>
  </testcase> <!-- @BeforeSuite beforeSuite -->
  <testcase name="@AfterSuite afterSuite" time="0.0" classname="com.ERA.base.BaseClass">
    <ignored/>
  </testcase> <!-- @AfterSuite afterSuite -->
</testsuite> <!-- Api Complete Fujirah Request  -->
