<?xml version="1.0" encoding="UTF-8"?>
<!-- Generated by org.testng.reporters.JUnitXMLReporter -->
<testsuite hostname="AS-40" ignored="0" name="completeRequest" tests="1" failures="1" timestamp="2023-01-15T13:15:10 EET" time="0.132" errors="0">
  <testcase name="completejob" time="0.0" classname="driverApi.RTA_API_Driver_completejob_Test">
    <failure type="org.testng.TestNGException" message="
Method public void driverApi.RTA_API_Driver_completejob_Test.completejob(java.lang.String,java.lang.String,java.lang.String,java.lang.String,java.lang.String) throws java.io.IOException requires a @DataProvider named : access_token">
      <![CDATA[org.testng.TestNGException: 
Method public void driverApi.RTA_API_Driver_completejob_Test.completejob(java.lang.String,java.lang.String,java.lang.String,java.lang.String,java.lang.String) throws java.io.IOException requires a @DataProvider named : access_token
at java.util.ArrayList.forEach(ArrayList.java:1259)
... Removed 24 stack frames]]>
    </failure>
  </testcase> <!-- completejob -->
</testsuite> <!-- completeRequest -->
