<?xml version="1.0" encoding="UTF-8"?>
<!-- Generated by org.testng.reporters.JUnitXMLReporter -->
<testsuite ignored="36" hostname="AS-40" failures="0" tests="28" name="DissmissSandPullOutCaution" time="20.395" errors="0" timestamp="2022-12-15T09:14:29 EET">
  <testcase classname="com.ERA.base.Base" name="@BeforeTest beforeClass" time="20.258">
    <failure type="org.openqa.selenium.SessionNotCreatedException" message="Unable to create a new remote session. Please check the server log for more details. Original error: An unknown server-side error occurred while processing the command. Original error: Could not find a connected Android device in 20153ms.
Build info: version: &amp;apos;3.141.59&amp;apos;, revision: &amp;apos;e82be7d358&amp;apos;, time: &amp;apos;2018-11-14T08:17:03&amp;apos;
System info: host: &amp;apos;AS-40&amp;apos;, ip: &amp;apos;192.168.80.157&amp;apos;, os.name: &amp;apos;Windows 10&amp;apos;, os.arch: &amp;apos;amd64&amp;apos;, os.version: &amp;apos;10.0&amp;apos;, java.version: &amp;apos;15.0.2&amp;apos;
Driver info: driver.version: AndroidDriver
remote stacktrace: UnknownError: An unknown server-side error occurred while processing the command. Original error: Could not find a connected Android device in 20153ms.
    at getResponseForW3CError (D:\appuim\Appium-windows-1.21.0\resources\app\node_modules\appium\node_modules\appium-base-driver\lib\protocol\errors.js:804:9)
    at asyncHandler (D:\appuim\Appium-windows-1.21.0\resources\app\node_modules\appium\node_modules\appium-base-driver\lib\protocol\protocol.js:380:37)
Build info: version: &amp;apos;3.141.59&amp;apos;, revision: &amp;apos;e82be7d358&amp;apos;, time: &amp;apos;2018-11-14T08:17:03&amp;apos;
System info: host: &amp;apos;AS-40&amp;apos;, ip: &amp;apos;192.168.80.157&amp;apos;, os.name: &amp;apos;Windows 10&amp;apos;, os.arch: &amp;apos;amd64&amp;apos;, os.version: &amp;apos;10.0&amp;apos;, java.version: &amp;apos;15.0.2&amp;apos;
Driver info: driver.version: AndroidDriver">
      <![CDATA[org.openqa.selenium.SessionNotCreatedException: Unable to create a new remote session. Please check the server log for more details. Original error: An unknown server-side error occurred while processing the command. Original error: Could not find a connected Android device in 20153ms.
Build info: version: '3.141.59', revision: 'e82be7d358', time: '2018-11-14T08:17:03'
System info: host: 'AS-40', ip: '192.168.80.157', os.name: 'Windows 10', os.arch: 'amd64', os.version: '10.0', java.version: '15.0.2'
Driver info: driver.version: AndroidDriver
remote stacktrace: UnknownError: An unknown server-side error occurred while processing the command. Original error: Could not find a connected Android device in 20153ms.
    at getResponseForW3CError (D:\appuim\Appium-windows-1.21.0\resources\app\node_modules\appium\node_modules\appium-base-driver\lib\protocol\errors.js:804:9)
    at asyncHandler (D:\appuim\Appium-windows-1.21.0\resources\app\node_modules\appium\node_modules\appium-base-driver\lib\protocol\protocol.js:380:37)
Build info: version: '3.141.59', revision: 'e82be7d358', time: '2018-11-14T08:17:03'
System info: host: 'AS-40', ip: '192.168.80.157', os.name: 'Windows 10', os.arch: 'amd64', os.version: '10.0', java.version: '15.0.2'
Driver info: driver.version: AndroidDriver
at io.appium.java_client.remote.AppiumCommandExecutor$1.createSession(AppiumCommandExecutor.java:208)
at io.appium.java_client.remote.AppiumCommandExecutor.createSession(AppiumCommandExecutor.java:217)
at io.appium.java_client.remote.AppiumCommandExecutor.execute(AppiumCommandExecutor.java:239)
at org.openqa.selenium.remote.RemoteWebDriver.execute(RemoteWebDriver.java:552)
at io.appium.java_client.DefaultGenericMobileDriver.execute(DefaultGenericMobileDriver.java:42)
at io.appium.java_client.AppiumDriver.execute(AppiumDriver.java:1)
at io.appium.java_client.android.AndroidDriver.execute(AndroidDriver.java:1)
at org.openqa.selenium.remote.RemoteWebDriver.startSession(RemoteWebDriver.java:213)
at org.openqa.selenium.remote.RemoteWebDriver.<init>(RemoteWebDriver.java:131)
at io.appium.java_client.DefaultGenericMobileDriver.<init>(DefaultGenericMobileDriver.java:38)
at io.appium.java_client.AppiumDriver.<init>(AppiumDriver.java:84)
at io.appium.java_client.AppiumDriver.<init>(AppiumDriver.java:94)
at io.appium.java_client.android.AndroidDriver.<init>(AndroidDriver.java:95)
at com.ERA.base.Base.beforeClass(Base.java:560)
at io.appium.java_client.remote.AppiumCommandExecutor$1.createSession(AppiumCommandExecutor.java:186)
... 37 more
Caused by: org.openqa.selenium.WebDriverException: An unknown server-side error occurred while processing the command. Original error: Could not find a connected Android device in 20153ms.
Build info: version: '3.141.59', revision: 'e82be7d358', time: '2018-11-14T08:17:03'
System info: host: 'AS-40', ip: '192.168.80.157', os.name: 'Windows 10', os.arch: 'amd64', os.version: '10.0', java.version: '15.0.2'
Driver info: driver.version: AndroidDriver
remote stacktrace: UnknownError: An unknown server-side error occurred while processing the command. Original error: Could not find a connected Android device in 20153ms.
    at getResponseForW3CError (D:\appuim\Appium-windows-1.21.0\resources\app\node_modules\appium\node_modules\appium-base-driver\lib\protocol\errors.js:804:9)
    at asyncHandler (D:\appuim\Appium-windows-1.21.0\resources\app\node_modules\appium\node_modules\appium-base-driver\lib\protocol\protocol.js:380:37)
at org.openqa.selenium.remote.W3CHandshakeResponse.lambda$errorHandler$0(W3CHandshakeResponse.java:62)
at org.openqa.selenium.remote.HandshakeResponse.lambda$getResponseFunction$0(HandshakeResponse.java:30)
at org.openqa.selenium.remote.ProtocolHandshake.lambda$createSession$0(ProtocolHandshake.java:126)
at java.base/java.util.stream.ReferencePipeline$3$1.accept(ReferencePipeline.java:195)
at java.base/java.util.Spliterators$ArraySpliterator.tryAdvance(Spliterators.java:958)
at java.base/java.util.stream.ReferencePipeline.forEachWithCancel(ReferencePipeline.java:127)
at java.base/java.util.stream.AbstractPipeline.copyIntoWithCancel(AbstractPipeline.java:502)
at java.base/java.util.stream.AbstractPipeline.copyInto(AbstractPipeline.java:488)
at java.base/java.util.stream.AbstractPipeline.wrapAndCopyInto(AbstractPipeline.java:474)
at java.base/java.util.stream.FindOps$FindOp.evaluateSequential(FindOps.java:150)
at java.base/java.util.stream.AbstractPipeline.evaluate(AbstractPipeline.java:234)
at java.base/java.util.stream.ReferencePipeline.findFirst(ReferencePipeline.java:543)
at org.openqa.selenium.remote.ProtocolHandshake.createSession(ProtocolHandshake.java:128)
... 42 more
... Removed 33 stack frames]]>
    </failure>
  </testcase> <!-- @BeforeTest beforeClass -->
  <testcase classname="com.ERA.base.Base" name="@BeforeMethod beforeMethod" time="-1.671088468918E9">
    <skipped/>
  </testcase> <!-- @BeforeMethod beforeMethod -->
  <testcase classname="com.ERA.base.Base" name="@AfterMethod afterMethod" time="-1.671088468919E9">
    <skipped/>
  </testcase> <!-- @AfterMethod afterMethod -->
  <testcase classname="com.ERA.base.Base" name="@BeforeMethod beforeMethod" time="-1.67108846892E9">
    <skipped/>
  </testcase> <!-- @BeforeMethod beforeMethod -->
  <testcase classname="com.ERA.base.Base" name="@AfterMethod afterMethod" time="-1.671088468922E9">
    <skipped/>
  </testcase> <!-- @AfterMethod afterMethod -->
  <testcase classname="com.ERA.base.Base" name="@BeforeMethod beforeMethod" time="-1.671088468923E9">
    <skipped/>
  </testcase> <!-- @BeforeMethod beforeMethod -->
  <testcase classname="com.ERA.base.Base" name="@AfterMethod afterMethod" time="-1.671088468925E9">
    <skipped/>
  </testcase> <!-- @AfterMethod afterMethod -->
  <testcase classname="com.ERA.base.Base" name="@BeforeMethod beforeMethod" time="-1.671088468925E9">
    <skipped/>
  </testcase> <!-- @BeforeMethod beforeMethod -->
  <testcase classname="com.ERA.base.Base" name="@AfterMethod afterMethod" time="-1.671088468927E9">
    <skipped/>
  </testcase> <!-- @AfterMethod afterMethod -->
  <testcase classname="com.ERA.base.Base" name="@BeforeMethod beforeMethod" time="-1.671088468927E9">
    <skipped/>
  </testcase> <!-- @BeforeMethod beforeMethod -->
  <testcase classname="com.ERA.base.Base" name="@AfterMethod afterMethod" time="-1.671088468929E9">
    <skipped/>
  </testcase> <!-- @AfterMethod afterMethod -->
  <testcase classname="com.ERA.base.Base" name="@BeforeMethod beforeMethod" time="-1.67108846893E9">
    <skipped/>
  </testcase> <!-- @BeforeMethod beforeMethod -->
  <testcase classname="com.ERA.base.Base" name="@AfterMethod afterMethod" time="-1.671088468931E9">
    <skipped/>
  </testcase> <!-- @AfterMethod afterMethod -->
  <testcase classname="com.ERA.base.Base" name="@BeforeMethod beforeMethod" time="-1.671088468955E9">
    <skipped/>
  </testcase> <!-- @BeforeMethod beforeMethod -->
  <testcase classname="com.ERA.base.Base" name="@AfterMethod afterMethod" time="-1.671088468957E9">
    <skipped/>
  </testcase> <!-- @AfterMethod afterMethod -->
  <testcase classname="com.ERA.base.Base" name="@BeforeMethod beforeMethod" time="-1.671088468957E9">
    <skipped/>
  </testcase> <!-- @BeforeMethod beforeMethod -->
  <testcase classname="com.ERA.base.Base" name="@AfterMethod afterMethod" time="-1.671088468959E9">
    <skipped/>
  </testcase> <!-- @AfterMethod afterMethod -->
  <testcase classname="com.ERA.base.Base" name="@BeforeMethod beforeMethod" time="-1.671088468982E9">
    <skipped/>
  </testcase> <!-- @BeforeMethod beforeMethod -->
  <testcase classname="com.ERA.base.Base" name="@AfterMethod afterMethod" time="-1.671088468983E9">
    <skipped/>
  </testcase> <!-- @AfterMethod afterMethod -->
  <testcase classname="com.ERA.base.Base" name="@BeforeMethod beforeMethod" time="-1.671088468984E9">
    <skipped/>
  </testcase> <!-- @BeforeMethod beforeMethod -->
  <testcase classname="com.ERA.base.Base" name="@AfterMethod afterMethod" time="-1.671088468986E9">
    <skipped/>
  </testcase> <!-- @AfterMethod afterMethod -->
  <testcase classname="com.ERA.base.Base" name="@BeforeMethod beforeMethod" time="-1.671088468986E9">
    <skipped/>
  </testcase> <!-- @BeforeMethod beforeMethod -->
  <testcase classname="com.ERA.base.Base" name="@AfterMethod afterMethod" time="-1.671088468989E9">
    <skipped/>
  </testcase> <!-- @AfterMethod afterMethod -->
  <testcase classname="com.ERA.base.Base" name="@BeforeMethod beforeMethod" time="-1.67108846899E9">
    <skipped/>
  </testcase> <!-- @BeforeMethod beforeMethod -->
  <testcase classname="com.ERA.base.Base" name="@AfterMethod afterMethod" time="-1.671088468991E9">
    <skipped/>
  </testcase> <!-- @AfterMethod afterMethod -->
  <testcase classname="com.ERA.base.Base" name="@BeforeMethod beforeMethod" time="-1.671088469016E9">
    <skipped/>
  </testcase> <!-- @BeforeMethod beforeMethod -->
  <testcase classname="com.ERA.base.Base" name="@AfterMethod afterMethod" time="-1.671088469017E9">
    <skipped/>
  </testcase> <!-- @AfterMethod afterMethod -->
  <testcase classname="com.ERA.base.Base" name="@BeforeMethod beforeMethod" time="-1.671088469018E9">
    <skipped/>
  </testcase> <!-- @BeforeMethod beforeMethod -->
  <testcase classname="com.ERA.base.Base" name="@AfterMethod afterMethod" time="-1.671088469021E9">
    <skipped/>
  </testcase> <!-- @AfterMethod afterMethod -->
  <testcase classname="com.ERA.base.Base" name="@BeforeMethod beforeMethod" time="-1.671088469022E9">
    <skipped/>
  </testcase> <!-- @BeforeMethod beforeMethod -->
  <testcase classname="com.ERA.base.Base" name="@AfterMethod afterMethod" time="-1.671088469024E9">
    <skipped/>
  </testcase> <!-- @AfterMethod afterMethod -->
  <testcase classname="com.ERA.base.Base" name="@BeforeMethod beforeMethod" time="-1.671088469024E9">
    <skipped/>
  </testcase> <!-- @BeforeMethod beforeMethod -->
  <testcase classname="com.ERA.base.Base" name="@AfterMethod afterMethod" time="-1.671088469026E9">
    <skipped/>
  </testcase> <!-- @AfterMethod afterMethod -->
  <testcase classname="com.ERA.base.Base" name="@BeforeMethod beforeMethod" time="-1.671088469027E9">
    <skipped/>
  </testcase> <!-- @BeforeMethod beforeMethod -->
  <testcase classname="com.ERA.base.Base" name="@AfterMethod afterMethod" time="-1.671088469028E9">
    <skipped/>
  </testcase> <!-- @AfterMethod afterMethod -->
  <testcase classname="com.ERA.base.Base" name="@BeforeMethod beforeMethod" time="-1.671088469029E9">
    <skipped/>
  </testcase> <!-- @BeforeMethod beforeMethod -->
  <testcase classname="com.ERA.base.Base" name="@AfterMethod afterMethod" time="-1.67108846903E9">
    <skipped/>
  </testcase> <!-- @AfterMethod afterMethod -->
  <testcase classname="com.ERA.base.Base" name="@BeforeMethod beforeMethod" time="-1.671088469031E9">
    <skipped/>
  </testcase> <!-- @BeforeMethod beforeMethod -->
  <testcase classname="com.ERA.base.Base" name="@AfterMethod afterMethod" time="-1.671088469032E9">
    <skipped/>
  </testcase> <!-- @AfterMethod afterMethod -->
  <testcase classname="com.ERA.base.Base" name="@BeforeMethod beforeMethod" time="-1.671088469033E9">
    <skipped/>
  </testcase> <!-- @BeforeMethod beforeMethod -->
  <testcase classname="com.ERA.base.Base" name="@AfterMethod afterMethod" time="-1.671088469034E9">
    <skipped/>
  </testcase> <!-- @AfterMethod afterMethod -->
  <testcase classname="com.ERA.base.Base" name="@BeforeMethod beforeMethod" time="-1.671088469035E9">
    <skipped/>
  </testcase> <!-- @BeforeMethod beforeMethod -->
  <testcase classname="com.ERA.base.Base" name="@AfterMethod afterMethod" time="-1.671088469036E9">
    <skipped/>
  </testcase> <!-- @AfterMethod afterMethod -->
  <testcase classname="com.ERA.base.Base" name="@BeforeMethod beforeMethod" time="-1.671088469037E9">
    <skipped/>
  </testcase> <!-- @BeforeMethod beforeMethod -->
  <testcase classname="com.ERA.base.Base" name="@AfterMethod afterMethod" time="-1.671088469038E9">
    <skipped/>
  </testcase> <!-- @AfterMethod afterMethod -->
  <testcase classname="com.ERA.base.Base" name="@BeforeMethod beforeMethod" time="-1.671088469039E9">
    <skipped/>
  </testcase> <!-- @BeforeMethod beforeMethod -->
  <testcase classname="com.ERA.base.Base" name="@AfterMethod afterMethod" time="-1.67108846904E9">
    <skipped/>
  </testcase> <!-- @AfterMethod afterMethod -->
  <testcase classname="com.ERA.base.Base" name="@BeforeMethod beforeMethod" time="-1.671088469041E9">
    <skipped/>
  </testcase> <!-- @BeforeMethod beforeMethod -->
  <testcase classname="com.ERA.base.Base" name="@AfterMethod afterMethod" time="-1.671088469042E9">
    <skipped/>
  </testcase> <!-- @AfterMethod afterMethod -->
  <testcase classname="com.ERA.base.Base" name="@BeforeMethod beforeMethod" time="-1.671088469043E9">
    <skipped/>
  </testcase> <!-- @BeforeMethod beforeMethod -->
  <testcase classname="com.ERA.base.Base" name="@AfterMethod afterMethod" time="-1.671088469045E9">
    <skipped/>
  </testcase> <!-- @AfterMethod afterMethod -->
  <testcase classname="com.ERA.base.Base" name="@BeforeMethod beforeMethod" time="-1.671088469045E9">
    <skipped/>
  </testcase> <!-- @BeforeMethod beforeMethod -->
  <testcase classname="com.ERA.base.Base" name="@AfterMethod afterMethod" time="-1.671088469047E9">
    <skipped/>
  </testcase> <!-- @AfterMethod afterMethod -->
  <testcase classname="com.ERA.base.Base" name="@BeforeMethod beforeMethod" time="-1.671088469047E9">
    <skipped/>
  </testcase> <!-- @BeforeMethod beforeMethod -->
  <testcase classname="com.ERA.base.Base" name="@AfterMethod afterMethod" time="-1.671088469049E9">
    <skipped/>
  </testcase> <!-- @AfterMethod afterMethod -->
  <testcase classname="com.ERA.base.Base" name="@BeforeMethod beforeMethod" time="-1.671088469049E9">
    <skipped/>
  </testcase> <!-- @BeforeMethod beforeMethod -->
  <testcase classname="com.ERA.base.Base" name="@AfterMethod afterMethod" time="-1.671088469051E9">
    <skipped/>
  </testcase> <!-- @AfterMethod afterMethod -->
  <testcase classname="com.ERA.base.Base" name="@AfterTest afterTest" time="-1.671088469051E9">
    <skipped/>
  </testcase> <!-- @AfterTest afterTest -->
  <testcase classname="common.allowLocationPermissionTest" name="clcallowLocationPermissionTestLogin" time="0.0">
    <skipped/>
  </testcase> <!-- clcallowLocationPermissionTestLogin -->
  <testcase classname="login.ClickloginbuttonfromHomescreenTest" name="clcikLogin" time="0.0">
    <skipped/>
  </testcase> <!-- clcikLogin -->
  <testcase classname="login.ClickloginbuttonfromHomescreenTest" name="allowSMSpermissionTest" time="0.0">
    <skipped/>
  </testcase> <!-- allowSMSpermissionTest -->
  <testcase classname="login.ClickloginbuttonfromHomescreenTest" name="SelectCountyCode" time="0.0">
    <skipped/>
  </testcase> <!-- SelectCountyCode -->
  <testcase classname="login.ClickloginbuttonfromHomescreenTest" name="Searchforcounrty" time="0.0">
    <skipped/>
  </testcase> <!-- Searchforcounrty -->
  <testcase classname="login.ClickloginbuttonfromHomescreenTest" name="SelectEgypt" time="0.0">
    <skipped/>
  </testcase> <!-- SelectEgypt -->
  <testcase classname="login.ClickloginbuttonfromHomescreenTest" name="addMobileNumber" time="0.0">
    <skipped/>
  </testcase> <!-- addMobileNumber -->
  <testcase classname="login.ClickloginbuttonfromHomescreenTest" name="clickContinue" time="0.0">
    <skipped/>
  </testcase> <!-- clickContinue -->
  <testcase classname="login.ClickloginbuttonfromHomescreenTest" name="getotp" time="0.0">
    <skipped/>
  </testcase> <!-- getotp -->
  <testcase classname="SandPullOut.addNormalSandPullOutRequestTest" name="DragServiceSheet" time="0.0">
    <skipped/>
  </testcase> <!-- DragServiceSheet -->
  <testcase classname="SandPullOut.addNormalSandPullOutRequestTest" name="SelectSandPullOut" time="0.0">
    <skipped/>
  </testcase> <!-- SelectSandPullOut -->
  <testcase classname="towing.validPickUPLocationTest" name="Addingvalidpickup" time="0.0">
    <skipped/>
  </testcase> <!-- Addingvalidpickup -->
  <testcase classname="towing.validPickUPLocationTest" name="SendPickupLocation" time="0.0">
    <skipped/>
  </testcase> <!-- SendPickupLocation -->
  <testcase classname="towing.validPickUPLocationTest" name="ClickSearchresultItem" time="0.0">
    <skipped/>
  </testcase> <!-- ClickSearchresultItem -->
  <testcase classname="SandPullOut.Confirm_LocationTest" name="Confirm_location" time="0.0">
    <skipped/>
  </testcase> <!-- Confirm_location -->
  <testcase classname="SandPullOut.SuitablecarTest" name="selectSuitableCarOption" time="0.0">
    <skipped/>
  </testcase> <!-- selectSuitableCarOption -->
  <testcase classname="SandPullOut.SuitablecarTest" name="confirmOption" time="0.0">
    <skipped/>
  </testcase> <!-- confirmOption -->
  <testcase classname="SandPullOut.ImageHappyPathTest" name="takeImage" time="0.0">
    <skipped/>
  </testcase> <!-- takeImage -->
  <testcase classname="SandPullOut.ImageHappyPathTest" name="allowcameraPermission" time="0.0">
    <skipped/>
  </testcase> <!-- allowcameraPermission -->
  <testcase classname="SandPullOut.ImageHappyPathTest" name="cameraTakeImage" time="0.0">
    <skipped/>
  </testcase> <!-- cameraTakeImage -->
  <testcase classname="SandPullOut.ImageHappyPathTest" name="ConfirmImage" time="0.0">
    <skipped/>
  </testcase> <!-- ConfirmImage -->
  <testcase classname="SandPullOut.ImageHappyPathTest" name="ConfirmImagebutton" time="0.0">
    <skipped/>
  </testcase> <!-- ConfirmImagebutton -->
  <testcase classname="Battery.NoteTest" name="TowingclickAddNote" time="0.0">
    <skipped/>
  </testcase> <!-- TowingclickAddNote -->
  <testcase classname="Battery.NoteTest" name="Sendnotevalue" time="0.0">
    <skipped/>
  </testcase> <!-- Sendnotevalue -->
  <testcase classname="Battery.NoteTest" name="ConfirmNote" time="0.0">
    <skipped/>
  </testcase> <!-- ConfirmNote -->
  <testcase classname="SandPullOut.dismisscautionSandPullOutRequestTest" name="DragServiceSheetSummery" time="0.0">
    <skipped/>
  </testcase> <!-- DragServiceSheetSummery -->
  <testcase classname="SandPullOut.dismisscautionSandPullOutRequestTest" name="clickBackarrrow2" time="0.0">
    <skipped/>
  </testcase> <!-- clickBackarrrow2 -->
  <testcase classname="SandPullOut.dismisscautionSandPullOutRequestTest" name="dissmisscaution" time="0.0">
    <skipped/>
  </testcase> <!-- dissmisscaution -->
  <testcase classname="towing.validPickUPLocationTest" name="SendFujirahPickupLocation" time="0.0">
    <ignored/>
  </testcase> <!-- SendFujirahPickupLocation -->
  <testcase classname="Battery.NoteTest" name="clickAddNote" time="0.0">
    <ignored/>
  </testcase> <!-- clickAddNote -->
  <testcase classname="com.ERA.base.Base" name="@AfterTest afterTest" time="0.0">
    <ignored/>
  </testcase> <!-- @AfterTest afterTest -->
  <testcase classname="com.ERA.base.Base" name="@AfterTest afterTest" time="0.0">
    <ignored/>
  </testcase> <!-- @AfterTest afterTest -->
  <testcase classname="com.ERA.base.Base" name="@AfterTest afterTest" time="0.0">
    <ignored/>
  </testcase> <!-- @AfterTest afterTest -->
  <testcase classname="com.ERA.base.Base" name="@AfterTest afterTest" time="0.0">
    <ignored/>
  </testcase> <!-- @AfterTest afterTest -->
  <testcase classname="com.ERA.base.Base" name="@AfterTest afterTest" time="0.0">
    <ignored/>
  </testcase> <!-- @AfterTest afterTest -->
  <testcase classname="com.ERA.base.Base" name="@AfterTest afterTest" time="0.0">
    <ignored/>
  </testcase> <!-- @AfterTest afterTest -->
  <testcase classname="com.ERA.base.Base" name="@AfterTest afterTest" time="0.0">
    <ignored/>
  </testcase> <!-- @AfterTest afterTest -->
  <testcase classname="com.ERA.base.Base" name="@AfterTest afterTest" time="0.0">
    <ignored/>
  </testcase> <!-- @AfterTest afterTest -->
  <testcase classname="com.ERA.base.Base" name="@BeforeTest beforeClass" time="0.0">
    <ignored/>
  </testcase> <!-- @BeforeTest beforeClass -->
  <testcase classname="com.ERA.base.Base" name="@BeforeTest beforeClass" time="0.0">
    <ignored/>
  </testcase> <!-- @BeforeTest beforeClass -->
  <testcase classname="com.ERA.base.Base" name="@BeforeTest beforeClass" time="0.0">
    <ignored/>
  </testcase> <!-- @BeforeTest beforeClass -->
  <testcase classname="com.ERA.base.Base" name="@BeforeTest beforeClass" time="0.0">
    <ignored/>
  </testcase> <!-- @BeforeTest beforeClass -->
  <testcase classname="com.ERA.base.Base" name="@BeforeTest beforeClass" time="0.0">
    <ignored/>
  </testcase> <!-- @BeforeTest beforeClass -->
  <testcase classname="com.ERA.base.Base" name="@BeforeTest beforeClass" time="0.0">
    <ignored/>
  </testcase> <!-- @BeforeTest beforeClass -->
  <testcase classname="com.ERA.base.Base" name="@BeforeTest beforeClass" time="0.0">
    <ignored/>
  </testcase> <!-- @BeforeTest beforeClass -->
  <testcase classname="com.ERA.base.Base" name="@BeforeTest beforeClass" time="0.0">
    <ignored/>
  </testcase> <!-- @BeforeTest beforeClass -->
  <testcase classname="login.ClickloginbuttonfromHomescreenTest" name="getotpPolice" time="0.0">
    <ignored/>
  </testcase> <!-- getotpPolice -->
  <testcase classname="login.ClickloginbuttonfromHomescreenTest" name="addPoliceMobileNumber" time="0.0">
    <ignored/>
  </testcase> <!-- addPoliceMobileNumber -->
  <testcase classname="com.ERA.base.Base" name="@BeforeSuite beforeSuite" time="0.0">
    <ignored/>
  </testcase> <!-- @BeforeSuite beforeSuite -->
  <testcase classname="com.ERA.base.Base" name="@BeforeSuite beforeSuite" time="0.0">
    <ignored/>
  </testcase> <!-- @BeforeSuite beforeSuite -->
  <testcase classname="com.ERA.base.Base" name="@BeforeSuite beforeSuite" time="0.0">
    <ignored/>
  </testcase> <!-- @BeforeSuite beforeSuite -->
  <testcase classname="com.ERA.base.Base" name="@BeforeSuite beforeSuite" time="0.0">
    <ignored/>
  </testcase> <!-- @BeforeSuite beforeSuite -->
  <testcase classname="com.ERA.base.Base" name="@BeforeSuite beforeSuite" time="0.0">
    <ignored/>
  </testcase> <!-- @BeforeSuite beforeSuite -->
  <testcase classname="com.ERA.base.Base" name="@BeforeSuite beforeSuite" time="0.0">
    <ignored/>
  </testcase> <!-- @BeforeSuite beforeSuite -->
  <testcase classname="com.ERA.base.Base" name="@BeforeSuite beforeSuite" time="0.0">
    <ignored/>
  </testcase> <!-- @BeforeSuite beforeSuite -->
  <testcase classname="com.ERA.base.Base" name="@BeforeSuite beforeSuite" time="0.0">
    <ignored/>
  </testcase> <!-- @BeforeSuite beforeSuite -->
  <testcase classname="com.ERA.base.Base" name="@AfterSuite afterSuite" time="0.0">
    <ignored/>
  </testcase> <!-- @AfterSuite afterSuite -->
  <testcase classname="com.ERA.base.Base" name="@AfterSuite afterSuite" time="0.0">
    <ignored/>
  </testcase> <!-- @AfterSuite afterSuite -->
  <testcase classname="com.ERA.base.Base" name="@AfterSuite afterSuite" time="0.0">
    <ignored/>
  </testcase> <!-- @AfterSuite afterSuite -->
  <testcase classname="com.ERA.base.Base" name="@AfterSuite afterSuite" time="0.0">
    <ignored/>
  </testcase> <!-- @AfterSuite afterSuite -->
  <testcase classname="com.ERA.base.Base" name="@AfterSuite afterSuite" time="0.0">
    <ignored/>
  </testcase> <!-- @AfterSuite afterSuite -->
  <testcase classname="com.ERA.base.Base" name="@AfterSuite afterSuite" time="0.0">
    <ignored/>
  </testcase> <!-- @AfterSuite afterSuite -->
  <testcase classname="com.ERA.base.Base" name="@AfterSuite afterSuite" time="0.0">
    <ignored/>
  </testcase> <!-- @AfterSuite afterSuite -->
  <testcase classname="com.ERA.base.Base" name="@AfterSuite afterSuite" time="0.0">
    <ignored/>
  </testcase> <!-- @AfterSuite afterSuite -->
</testsuite> <!-- DissmissSandPullOutCaution -->
