<?xml version="1.0" encoding="UTF-8"?>
<!-- Generated by org.testng.reporters.JUnitXMLReporter -->
<testsuite hostname="AS-40" ignored="0" name="heading to Destination" tests="9" failures="0" timestamp="2023-01-15T13:15:10 EET" time="92.419" errors="0">
  <testcase name="completejob" time="12.401" classname="driverApi.Get_Driver_location2_Test"/>
  <testcase name="LocationdataProivder" time="31.991" classname="driverApi.Get_Driver_location2_Test"/>
  <testcase name="LocationdataProivder2" time="52.725" classname="driverApi.Get_Driver_location2_Test"/>
  <testcase name="LocationdataProivder5" time="54.944" classname="driverApi.Get_Driver_location2_Test"/>
  <testcase name="LocationdataProivder4" time="61.831" classname="driverApi.Get_Driver_location2_Test"/>
  <testcase name="LocationdataProivder3" time="64.436" classname="driverApi.Get_Driver_location2_Test"/>
  <testcase name="LocationdataProivder7" time="91.892" classname="driverApi.Get_Driver_location2_Test"/>
  <testcase name="LocationdataProivder8" time="92.185" classname="driverApi.Get_Driver_location2_Test"/>
  <testcase name="LocationdataProivder6" time="92.388" classname="driverApi.Get_Driver_location2_Test"/>
</testsuite> <!-- heading to Destination -->
