<?xml version="1.0" encoding="UTF-8"?>
<!-- Generated by org.testng.reporters.JUnitXMLReporter -->
<testsuite hostname="AS-40" ignored="47" name="toeewing" tests="49" failures="0" timestamp="2022-12-28T14:31:50 EET" time="0.502" errors="0">
  <testcase name="@BeforeTest beforeClass" time="0.313" classname="com.ERA.base.Base">
    <failure type="org.openqa.selenium.SessionNotCreatedException" message="Unable to create a new remote session. Please check the server log for more details. Original error: An unknown server-side error occurred while processing the command. Original error: Error getting device API level. Original error: Error executing adbExec. Original error: &amp;apos;Command &amp;apos;C:\\Users\\amira\\AppData\\Local\\Android\\Sdk\\platform-tools\\adb.exe -P 5037 -s 3232314f42423498 shell getprop ro.build.version.sdk&amp;apos; exited with code 1&amp;apos;; Stderr: &amp;apos;adb.exe: device unauthorized.
This adb server&amp;apos;s $ADB_VENDOR_KEYS is not set
Try &amp;apos;adb kill-server&amp;apos; if that seems wrong.
Otherwise check for a confirmation dialog on your device.&amp;apos;; Code: &amp;apos;1&amp;apos;
Build info: version: &amp;apos;3.141.59&amp;apos;, revision: &amp;apos;e82be7d358&amp;apos;, time: &amp;apos;2018-11-14T08:17:03&amp;apos;
System info: host: &amp;apos;AS-40&amp;apos;, ip: &amp;apos;192.168.80.157&amp;apos;, os.name: &amp;apos;Windows 10&amp;apos;, os.arch: &amp;apos;amd64&amp;apos;, os.version: &amp;apos;10.0&amp;apos;, java.version: &amp;apos;1.8.0-262&amp;apos;
Driver info: driver.version: AndroidDriver
remote stacktrace: UnknownError: An unknown server-side error occurred while processing the command. Original error: Error getting device API level. Original error: Error executing adbExec. Original error: &amp;apos;Command &amp;apos;C:\\Users\\amira\\AppData\\Local\\Android\\Sdk\\platform-tools\\adb.exe -P 5037 -s 3232314f42423498 shell getprop ro.build.version.sdk&amp;apos; exited with code 1&amp;apos;; Stderr: &amp;apos;adb.exe: device unauthorized.
This adb server&amp;apos;s $ADB_VENDOR_KEYS is not set
Try &amp;apos;adb kill-server&amp;apos; if that seems wrong.
Otherwise check for a confirmation dialog on your device.&amp;apos;; Code: &amp;apos;1&amp;apos;
    at getResponseForW3CError (D:\appuim\Appium-windows-1.21.0\resources\app\node_modules\appium\node_modules\appium-base-driver\lib\protocol\errors.js:804:9)
    at asyncHandler (D:\appuim\Appium-windows-1.21.0\resources\app\node_modules\appium\node_modules\appium-base-driver\lib\protocol\protocol.js:380:37)
Build info: version: &amp;apos;3.141.59&amp;apos;, revision: &amp;apos;e82be7d358&amp;apos;, time: &amp;apos;2018-11-14T08:17:03&amp;apos;
System info: host: &amp;apos;AS-40&amp;apos;, ip: &amp;apos;192.168.80.157&amp;apos;, os.name: &amp;apos;Windows 10&amp;apos;, os.arch: &amp;apos;amd64&amp;apos;, os.version: &amp;apos;10.0&amp;apos;, java.version: &amp;apos;1.8.0-262&amp;apos;
Driver info: driver.version: AndroidDriver">
      <![CDATA[org.openqa.selenium.SessionNotCreatedException: Unable to create a new remote session. Please check the server log for more details. Original error: An unknown server-side error occurred while processing the command. Original error: Error getting device API level. Original error: Error executing adbExec. Original error: 'Command 'C:\\Users\\amira\\AppData\\Local\\Android\\Sdk\\platform-tools\\adb.exe -P 5037 -s 3232314f42423498 shell getprop ro.build.version.sdk' exited with code 1'; Stderr: 'adb.exe: device unauthorized.
This adb server's $ADB_VENDOR_KEYS is not set
Try 'adb kill-server' if that seems wrong.
Otherwise check for a confirmation dialog on your device.'; Code: '1'
Build info: version: '3.141.59', revision: 'e82be7d358', time: '2018-11-14T08:17:03'
System info: host: 'AS-40', ip: '192.168.80.157', os.name: 'Windows 10', os.arch: 'amd64', os.version: '10.0', java.version: '1.8.0-262'
Driver info: driver.version: AndroidDriver
remote stacktrace: UnknownError: An unknown server-side error occurred while processing the command. Original error: Error getting device API level. Original error: Error executing adbExec. Original error: 'Command 'C:\\Users\\amira\\AppData\\Local\\Android\\Sdk\\platform-tools\\adb.exe -P 5037 -s 3232314f42423498 shell getprop ro.build.version.sdk' exited with code 1'; Stderr: 'adb.exe: device unauthorized.
This adb server's $ADB_VENDOR_KEYS is not set
Try 'adb kill-server' if that seems wrong.
Otherwise check for a confirmation dialog on your device.'; Code: '1'
    at getResponseForW3CError (D:\appuim\Appium-windows-1.21.0\resources\app\node_modules\appium\node_modules\appium-base-driver\lib\protocol\errors.js:804:9)
    at asyncHandler (D:\appuim\Appium-windows-1.21.0\resources\app\node_modules\appium\node_modules\appium-base-driver\lib\protocol\protocol.js:380:37)
Build info: version: '3.141.59', revision: 'e82be7d358', time: '2018-11-14T08:17:03'
System info: host: 'AS-40', ip: '192.168.80.157', os.name: 'Windows 10', os.arch: 'amd64', os.version: '10.0', java.version: '1.8.0-262'
Driver info: driver.version: AndroidDriver
at io.appium.java_client.remote.AppiumCommandExecutor$1.createSession(AppiumCommandExecutor.java:208)
at io.appium.java_client.remote.AppiumCommandExecutor.createSession(AppiumCommandExecutor.java:217)
at io.appium.java_client.remote.AppiumCommandExecutor.execute(AppiumCommandExecutor.java:239)
at org.openqa.selenium.remote.RemoteWebDriver.execute(RemoteWebDriver.java:552)
at io.appium.java_client.DefaultGenericMobileDriver.execute(DefaultGenericMobileDriver.java:42)
at io.appium.java_client.AppiumDriver.execute(AppiumDriver.java:1)
at io.appium.java_client.android.AndroidDriver.execute(AndroidDriver.java:1)
at org.openqa.selenium.remote.RemoteWebDriver.startSession(RemoteWebDriver.java:213)
at org.openqa.selenium.remote.RemoteWebDriver.<init>(RemoteWebDriver.java:131)
at io.appium.java_client.DefaultGenericMobileDriver.<init>(DefaultGenericMobileDriver.java:38)
at io.appium.java_client.AppiumDriver.<init>(AppiumDriver.java:84)
at io.appium.java_client.AppiumDriver.<init>(AppiumDriver.java:94)
at io.appium.java_client.android.AndroidDriver.<init>(AndroidDriver.java:95)
at com.ERA.base.Base.beforeClass(Base.java:563)
at io.appium.java_client.remote.AppiumCommandExecutor$1.createSession(AppiumCommandExecutor.java:186)
... 37 more
Caused by: org.openqa.selenium.WebDriverException: An unknown server-side error occurred while processing the command. Original error: Error getting device API level. Original error: Error executing adbExec. Original error: 'Command 'C:\\Users\\amira\\AppData\\Local\\Android\\Sdk\\platform-tools\\adb.exe -P 5037 -s 3232314f42423498 shell getprop ro.build.version.sdk' exited with code 1'; Stderr: 'adb.exe: device unauthorized.
This adb server's $ADB_VENDOR_KEYS is not set
Try 'adb kill-server' if that seems wrong.
Otherwise check for a confirmation dialog on your device.'; Code: '1'
Build info: version: '3.141.59', revision: 'e82be7d358', time: '2018-11-14T08:17:03'
System info: host: 'AS-40', ip: '192.168.80.157', os.name: 'Windows 10', os.arch: 'amd64', os.version: '10.0', java.version: '1.8.0-262'
Driver info: driver.version: AndroidDriver
remote stacktrace: UnknownError: An unknown server-side error occurred while processing the command. Original error: Error getting device API level. Original error: Error executing adbExec. Original error: 'Command 'C:\\Users\\amira\\AppData\\Local\\Android\\Sdk\\platform-tools\\adb.exe -P 5037 -s 3232314f42423498 shell getprop ro.build.version.sdk' exited with code 1'; Stderr: 'adb.exe: device unauthorized.
This adb server's $ADB_VENDOR_KEYS is not set
Try 'adb kill-server' if that seems wrong.
Otherwise check for a confirmation dialog on your device.'; Code: '1'
    at getResponseForW3CError (D:\appuim\Appium-windows-1.21.0\resources\app\node_modules\appium\node_modules\appium-base-driver\lib\protocol\errors.js:804:9)
    at asyncHandler (D:\appuim\Appium-windows-1.21.0\resources\app\node_modules\appium\node_modules\appium-base-driver\lib\protocol\protocol.js:380:37)
at org.openqa.selenium.remote.W3CHandshakeResponse.lambda$errorHandler$0(W3CHandshakeResponse.java:62)
at org.openqa.selenium.remote.HandshakeResponse.lambda$getResponseFunction$0(HandshakeResponse.java:30)
at org.openqa.selenium.remote.ProtocolHandshake.lambda$createSession$0(ProtocolHandshake.java:126)
at java.util.stream.ReferencePipeline$3$1.accept(ReferencePipeline.java:193)
at java.util.Spliterators$ArraySpliterator.tryAdvance(Spliterators.java:958)
at java.util.stream.ReferencePipeline.forEachWithCancel(ReferencePipeline.java:126)
at java.util.stream.AbstractPipeline.copyIntoWithCancel(AbstractPipeline.java:499)
at java.util.stream.AbstractPipeline.copyInto(AbstractPipeline.java:486)
at java.util.stream.AbstractPipeline.wrapAndCopyInto(AbstractPipeline.java:472)
at java.util.stream.FindOps$FindOp.evaluateSequential(FindOps.java:152)
at java.util.stream.AbstractPipeline.evaluate(AbstractPipeline.java:234)
at java.util.stream.ReferencePipeline.findFirst(ReferencePipeline.java:531)
at org.openqa.selenium.remote.ProtocolHandshake.createSession(ProtocolHandshake.java:128)
... 42 more
... Removed 32 stack frames]]>
    </failure>
  </testcase> <!-- @BeforeTest beforeClass -->
  <testcase name="@BeforeMethod beforeMethod" time="-1.672230710214E9" classname="com.ERA.base.Base">
    <skipped/>
  </testcase> <!-- @BeforeMethod beforeMethod -->
  <testcase name="@AfterMethod afterMethod" time="-1.672230710215E9" classname="com.ERA.base.Base">
    <skipped/>
  </testcase> <!-- @AfterMethod afterMethod -->
  <testcase name="@BeforeMethod beforeMethod" time="-1.672230710216E9" classname="com.ERA.base.Base">
    <skipped/>
  </testcase> <!-- @BeforeMethod beforeMethod -->
  <testcase name="@AfterMethod afterMethod" time="-1.672230710217E9" classname="com.ERA.base.Base">
    <skipped/>
  </testcase> <!-- @AfterMethod afterMethod -->
  <testcase name="@BeforeMethod beforeMethod" time="-1.672230710217E9" classname="com.ERA.base.Base">
    <skipped/>
  </testcase> <!-- @BeforeMethod beforeMethod -->
  <testcase name="@AfterMethod afterMethod" time="-1.672230710218E9" classname="com.ERA.base.Base">
    <skipped/>
  </testcase> <!-- @AfterMethod afterMethod -->
  <testcase name="@BeforeMethod beforeMethod" time="-1.672230710218E9" classname="com.ERA.base.Base">
    <skipped/>
  </testcase> <!-- @BeforeMethod beforeMethod -->
  <testcase name="@AfterMethod afterMethod" time="-1.672230710219E9" classname="com.ERA.base.Base">
    <skipped/>
  </testcase> <!-- @AfterMethod afterMethod -->
  <testcase name="@BeforeMethod beforeMethod" time="-1.67223071022E9" classname="com.ERA.base.Base">
    <skipped/>
  </testcase> <!-- @BeforeMethod beforeMethod -->
  <testcase name="@AfterMethod afterMethod" time="-1.67223071022E9" classname="com.ERA.base.Base">
    <skipped/>
  </testcase> <!-- @AfterMethod afterMethod -->
  <testcase name="@BeforeMethod beforeMethod" time="-1.672230710235E9" classname="com.ERA.base.Base">
    <skipped/>
  </testcase> <!-- @BeforeMethod beforeMethod -->
  <testcase name="@AfterMethod afterMethod" time="-1.672230710237E9" classname="com.ERA.base.Base">
    <skipped/>
  </testcase> <!-- @AfterMethod afterMethod -->
  <testcase name="@BeforeMethod beforeMethod" time="-1.672230710237E9" classname="com.ERA.base.Base">
    <skipped/>
  </testcase> <!-- @BeforeMethod beforeMethod -->
  <testcase name="@AfterMethod afterMethod" time="-1.672230710239E9" classname="com.ERA.base.Base">
    <skipped/>
  </testcase> <!-- @AfterMethod afterMethod -->
  <testcase name="@BeforeMethod beforeMethod" time="-1.672230710254E9" classname="com.ERA.base.Base">
    <skipped/>
  </testcase> <!-- @BeforeMethod beforeMethod -->
  <testcase name="@AfterMethod afterMethod" time="-1.672230710256E9" classname="com.ERA.base.Base">
    <skipped/>
  </testcase> <!-- @AfterMethod afterMethod -->
  <testcase name="@BeforeMethod beforeMethod" time="-1.672230710257E9" classname="com.ERA.base.Base">
    <skipped/>
  </testcase> <!-- @BeforeMethod beforeMethod -->
  <testcase name="@AfterMethod afterMethod" time="-1.672230710258E9" classname="com.ERA.base.Base">
    <skipped/>
  </testcase> <!-- @AfterMethod afterMethod -->
  <testcase name="@BeforeMethod beforeMethod" time="-1.672230710274E9" classname="com.ERA.base.Base">
    <skipped/>
  </testcase> <!-- @BeforeMethod beforeMethod -->
  <testcase name="@AfterMethod afterMethod" time="-1.672230710275E9" classname="com.ERA.base.Base">
    <skipped/>
  </testcase> <!-- @AfterMethod afterMethod -->
  <testcase name="@BeforeMethod beforeMethod" time="-1.672230710275E9" classname="com.ERA.base.Base">
    <skipped/>
  </testcase> <!-- @BeforeMethod beforeMethod -->
  <testcase name="@AfterMethod afterMethod" time="-1.672230710276E9" classname="com.ERA.base.Base">
    <skipped/>
  </testcase> <!-- @AfterMethod afterMethod -->
  <testcase name="@BeforeMethod beforeMethod" time="-1.672230710277E9" classname="com.ERA.base.Base">
    <skipped/>
  </testcase> <!-- @BeforeMethod beforeMethod -->
  <testcase name="@AfterMethod afterMethod" time="-1.672230710278E9" classname="com.ERA.base.Base">
    <skipped/>
  </testcase> <!-- @AfterMethod afterMethod -->
  <testcase name="@BeforeMethod beforeMethod" time="-1.672230710278E9" classname="com.ERA.base.Base">
    <skipped/>
  </testcase> <!-- @BeforeMethod beforeMethod -->
  <testcase name="@AfterMethod afterMethod" time="-1.672230710279E9" classname="com.ERA.base.Base">
    <skipped/>
  </testcase> <!-- @AfterMethod afterMethod -->
  <testcase name="@BeforeMethod beforeMethod" time="-1.672230710279E9" classname="com.ERA.base.Base">
    <skipped/>
  </testcase> <!-- @BeforeMethod beforeMethod -->
  <testcase name="@AfterMethod afterMethod" time="-1.67223071028E9" classname="com.ERA.base.Base">
    <skipped/>
  </testcase> <!-- @AfterMethod afterMethod -->
  <testcase name="@BeforeMethod beforeMethod" time="-1.672230710281E9" classname="com.ERA.base.Base">
    <skipped/>
  </testcase> <!-- @BeforeMethod beforeMethod -->
  <testcase name="@AfterMethod afterMethod" time="-1.672230710283E9" classname="com.ERA.base.Base">
    <skipped/>
  </testcase> <!-- @AfterMethod afterMethod -->
  <testcase name="@BeforeMethod beforeMethod" time="-1.672230710303E9" classname="com.ERA.base.Base">
    <skipped/>
  </testcase> <!-- @BeforeMethod beforeMethod -->
  <testcase name="@AfterMethod afterMethod" time="-1.672230710305E9" classname="com.ERA.base.Base">
    <skipped/>
  </testcase> <!-- @AfterMethod afterMethod -->
  <testcase name="@BeforeMethod beforeMethod" time="-1.672230710305E9" classname="com.ERA.base.Base">
    <skipped/>
  </testcase> <!-- @BeforeMethod beforeMethod -->
  <testcase name="@AfterMethod afterMethod" time="-1.672230710307E9" classname="com.ERA.base.Base">
    <skipped/>
  </testcase> <!-- @AfterMethod afterMethod -->
  <testcase name="@BeforeMethod beforeMethod" time="-1.672230710307E9" classname="com.ERA.base.Base">
    <skipped/>
  </testcase> <!-- @BeforeMethod beforeMethod -->
  <testcase name="@AfterMethod afterMethod" time="-1.672230710308E9" classname="com.ERA.base.Base">
    <skipped/>
  </testcase> <!-- @AfterMethod afterMethod -->
  <testcase name="@BeforeMethod beforeMethod" time="-1.672230710309E9" classname="com.ERA.base.Base">
    <skipped/>
  </testcase> <!-- @BeforeMethod beforeMethod -->
  <testcase name="@AfterMethod afterMethod" time="-1.67223071031E9" classname="com.ERA.base.Base">
    <skipped/>
  </testcase> <!-- @AfterMethod afterMethod -->
  <testcase name="@BeforeMethod beforeMethod" time="-1.67223071031E9" classname="com.ERA.base.Base">
    <skipped/>
  </testcase> <!-- @BeforeMethod beforeMethod -->
  <testcase name="@AfterMethod afterMethod" time="-1.672230710311E9" classname="com.ERA.base.Base">
    <skipped/>
  </testcase> <!-- @AfterMethod afterMethod -->
  <testcase name="@BeforeMethod beforeMethod" time="-1.672230710312E9" classname="com.ERA.base.Base">
    <skipped/>
  </testcase> <!-- @BeforeMethod beforeMethod -->
  <testcase name="@AfterMethod afterMethod" time="-1.672230710313E9" classname="com.ERA.base.Base">
    <skipped/>
  </testcase> <!-- @AfterMethod afterMethod -->
  <testcase name="@BeforeMethod beforeMethod" time="-1.672230710313E9" classname="com.ERA.base.Base">
    <skipped/>
  </testcase> <!-- @BeforeMethod beforeMethod -->
  <testcase name="@AfterMethod afterMethod" time="-1.672230710314E9" classname="com.ERA.base.Base">
    <skipped/>
  </testcase> <!-- @AfterMethod afterMethod -->
  <testcase name="@BeforeMethod beforeMethod" time="-1.672230710314E9" classname="com.ERA.base.Base">
    <skipped/>
  </testcase> <!-- @BeforeMethod beforeMethod -->
  <testcase name="@AfterMethod afterMethod" time="-1.672230710315E9" classname="com.ERA.base.Base">
    <skipped/>
  </testcase> <!-- @AfterMethod afterMethod -->
  <testcase name="@BeforeMethod beforeMethod" time="-1.672230710333E9" classname="com.ERA.base.Base">
    <skipped/>
  </testcase> <!-- @BeforeMethod beforeMethod -->
  <testcase name="@AfterMethod afterMethod" time="-1.672230710335E9" classname="com.ERA.base.Base">
    <skipped/>
  </testcase> <!-- @AfterMethod afterMethod -->
  <testcase name="@BeforeMethod beforeMethod" time="-1.672230710336E9" classname="com.ERA.base.Base">
    <skipped/>
  </testcase> <!-- @BeforeMethod beforeMethod -->
  <testcase name="@AfterMethod afterMethod" time="-1.672230710338E9" classname="com.ERA.base.Base">
    <skipped/>
  </testcase> <!-- @AfterMethod afterMethod -->
  <testcase name="@BeforeMethod beforeMethod" time="-1.672230710345E9" classname="com.ERA.base.Base">
    <skipped/>
  </testcase> <!-- @BeforeMethod beforeMethod -->
  <testcase name="@AfterMethod afterMethod" time="-1.672230710346E9" classname="com.ERA.base.Base">
    <skipped/>
  </testcase> <!-- @AfterMethod afterMethod -->
  <testcase name="@BeforeMethod beforeMethod" time="-1.672230710353E9" classname="com.ERA.base.Base">
    <skipped/>
  </testcase> <!-- @BeforeMethod beforeMethod -->
  <testcase name="@AfterMethod afterMethod" time="-1.672230710355E9" classname="com.ERA.base.Base">
    <skipped/>
  </testcase> <!-- @AfterMethod afterMethod -->
  <testcase name="@BeforeMethod beforeMethod" time="-1.672230710363E9" classname="com.ERA.base.Base">
    <skipped/>
  </testcase> <!-- @BeforeMethod beforeMethod -->
  <testcase name="@AfterMethod afterMethod" time="-1.672230710365E9" classname="com.ERA.base.Base">
    <skipped/>
  </testcase> <!-- @AfterMethod afterMethod -->
  <testcase name="@BeforeMethod beforeMethod" time="-1.672230710365E9" classname="com.ERA.base.Base">
    <skipped/>
  </testcase> <!-- @BeforeMethod beforeMethod -->
  <testcase name="@AfterMethod afterMethod" time="-1.672230710366E9" classname="com.ERA.base.Base">
    <skipped/>
  </testcase> <!-- @AfterMethod afterMethod -->
  <testcase name="@BeforeMethod beforeMethod" time="-1.672230710366E9" classname="com.ERA.base.Base">
    <skipped/>
  </testcase> <!-- @BeforeMethod beforeMethod -->
  <testcase name="@AfterMethod afterMethod" time="-1.672230710367E9" classname="com.ERA.base.Base">
    <skipped/>
  </testcase> <!-- @AfterMethod afterMethod -->
  <testcase name="@BeforeMethod beforeMethod" time="-1.672230710368E9" classname="com.ERA.base.Base">
    <skipped/>
  </testcase> <!-- @BeforeMethod beforeMethod -->
  <testcase name="@AfterMethod afterMethod" time="-1.672230710369E9" classname="com.ERA.base.Base">
    <skipped/>
  </testcase> <!-- @AfterMethod afterMethod -->
  <testcase name="@BeforeMethod beforeMethod" time="-1.672230710369E9" classname="com.ERA.base.Base">
    <skipped/>
  </testcase> <!-- @BeforeMethod beforeMethod -->
  <testcase name="@AfterMethod afterMethod" time="-1.672230710371E9" classname="com.ERA.base.Base">
    <skipped/>
  </testcase> <!-- @AfterMethod afterMethod -->
  <testcase name="@BeforeMethod beforeMethod" time="-1.672230710371E9" classname="com.ERA.base.Base">
    <skipped/>
  </testcase> <!-- @BeforeMethod beforeMethod -->
  <testcase name="@AfterMethod afterMethod" time="-1.672230710372E9" classname="com.ERA.base.Base">
    <skipped/>
  </testcase> <!-- @AfterMethod afterMethod -->
  <testcase name="@BeforeMethod beforeMethod" time="-1.672230710373E9" classname="com.ERA.base.Base">
    <skipped/>
  </testcase> <!-- @BeforeMethod beforeMethod -->
  <testcase name="@AfterMethod afterMethod" time="-1.672230710374E9" classname="com.ERA.base.Base">
    <skipped/>
  </testcase> <!-- @AfterMethod afterMethod -->
  <testcase name="@BeforeMethod beforeMethod" time="-1.672230710374E9" classname="com.ERA.base.Base">
    <skipped/>
  </testcase> <!-- @BeforeMethod beforeMethod -->
  <testcase name="@AfterMethod afterMethod" time="-1.672230710375E9" classname="com.ERA.base.Base">
    <skipped/>
  </testcase> <!-- @AfterMethod afterMethod -->
  <testcase name="@BeforeMethod beforeMethod" time="-1.672230710376E9" classname="com.ERA.base.Base">
    <skipped/>
  </testcase> <!-- @BeforeMethod beforeMethod -->
  <testcase name="@AfterMethod afterMethod" time="-1.672230710377E9" classname="com.ERA.base.Base">
    <skipped/>
  </testcase> <!-- @AfterMethod afterMethod -->
  <testcase name="@BeforeMethod beforeMethod" time="-1.672230710378E9" classname="com.ERA.base.Base">
    <skipped/>
  </testcase> <!-- @BeforeMethod beforeMethod -->
  <testcase name="@AfterMethod afterMethod" time="-1.672230710379E9" classname="com.ERA.base.Base">
    <skipped/>
  </testcase> <!-- @AfterMethod afterMethod -->
  <testcase name="@BeforeMethod beforeMethod" time="-1.672230710379E9" classname="com.ERA.base.Base">
    <skipped/>
  </testcase> <!-- @BeforeMethod beforeMethod -->
  <testcase name="@AfterMethod afterMethod" time="-1.67223071038E9" classname="com.ERA.base.Base">
    <skipped/>
  </testcase> <!-- @AfterMethod afterMethod -->
  <testcase name="@BeforeMethod beforeMethod" time="-1.672230710381E9" classname="com.ERA.base.Base">
    <skipped/>
  </testcase> <!-- @BeforeMethod beforeMethod -->
  <testcase name="@AfterMethod afterMethod" time="-1.672230710382E9" classname="com.ERA.base.Base">
    <skipped/>
  </testcase> <!-- @AfterMethod afterMethod -->
  <testcase name="@BeforeMethod beforeMethod" time="-1.672230710382E9" classname="com.ERA.base.Base">
    <skipped/>
  </testcase> <!-- @BeforeMethod beforeMethod -->
  <testcase name="@AfterMethod afterMethod" time="-1.672230710385E9" classname="com.ERA.base.Base">
    <skipped/>
  </testcase> <!-- @AfterMethod afterMethod -->
  <testcase name="@BeforeMethod beforeMethod" time="-1.672230710386E9" classname="com.ERA.base.Base">
    <skipped/>
  </testcase> <!-- @BeforeMethod beforeMethod -->
  <testcase name="@AfterMethod afterMethod" time="-1.672230710387E9" classname="com.ERA.base.Base">
    <skipped/>
  </testcase> <!-- @AfterMethod afterMethod -->
  <testcase name="@BeforeMethod beforeMethod" time="-1.672230710387E9" classname="com.ERA.base.Base">
    <skipped/>
  </testcase> <!-- @BeforeMethod beforeMethod -->
  <testcase name="@AfterMethod afterMethod" time="-1.672230710388E9" classname="com.ERA.base.Base">
    <skipped/>
  </testcase> <!-- @AfterMethod afterMethod -->
  <testcase name="@BeforeMethod beforeMethod" time="-1.672230710389E9" classname="com.ERA.base.Base">
    <skipped/>
  </testcase> <!-- @BeforeMethod beforeMethod -->
  <testcase name="@AfterMethod afterMethod" time="-1.67223071039E9" classname="com.ERA.base.Base">
    <skipped/>
  </testcase> <!-- @AfterMethod afterMethod -->
  <testcase name="@BeforeMethod beforeMethod" time="-1.67223071039E9" classname="com.ERA.base.Base">
    <skipped/>
  </testcase> <!-- @BeforeMethod beforeMethod -->
  <testcase name="@AfterMethod afterMethod" time="-1.672230710391E9" classname="com.ERA.base.Base">
    <skipped/>
  </testcase> <!-- @AfterMethod afterMethod -->
  <testcase name="@BeforeMethod beforeMethod" time="-1.672230710391E9" classname="com.ERA.base.Base">
    <skipped/>
  </testcase> <!-- @BeforeMethod beforeMethod -->
  <testcase name="@AfterMethod afterMethod" time="-1.672230710392E9" classname="com.ERA.base.Base">
    <skipped/>
  </testcase> <!-- @AfterMethod afterMethod -->
  <testcase name="@BeforeMethod beforeMethod" time="-1.672230710393E9" classname="com.ERA.base.Base">
    <skipped/>
  </testcase> <!-- @BeforeMethod beforeMethod -->
  <testcase name="@AfterMethod afterMethod" time="-1.672230710394E9" classname="com.ERA.base.Base">
    <skipped/>
  </testcase> <!-- @AfterMethod afterMethod -->
  <testcase name="@BeforeMethod beforeMethod" time="-1.672230710394E9" classname="com.ERA.base.Base">
    <skipped/>
  </testcase> <!-- @BeforeMethod beforeMethod -->
  <testcase name="@AfterMethod afterMethod" time="-1.672230710395E9" classname="com.ERA.base.Base">
    <skipped/>
  </testcase> <!-- @AfterMethod afterMethod -->
  <testcase name="@BeforeMethod beforeMethod" time="-1.672230710395E9" classname="com.ERA.base.Base">
    <skipped/>
  </testcase> <!-- @BeforeMethod beforeMethod -->
  <testcase name="@AfterMethod afterMethod" time="-1.672230710397E9" classname="com.ERA.base.Base">
    <skipped/>
  </testcase> <!-- @AfterMethod afterMethod -->
  <testcase name="@BeforeMethod beforeMethod" time="-1.672230710397E9" classname="com.ERA.base.Base">
    <skipped/>
  </testcase> <!-- @BeforeMethod beforeMethod -->
  <testcase name="@AfterMethod afterMethod" time="-1.672230710398E9" classname="com.ERA.base.Base">
    <skipped/>
  </testcase> <!-- @AfterMethod afterMethod -->
  <testcase name="@AfterTest afterTest" time="-1.672230710398E9" classname="com.ERA.base.Base">
    <skipped/>
  </testcase> <!-- @AfterTest afterTest -->
  <testcase name="clcallowLocationPermissionTestLogin" time="0.0" classname="common.allowLocationPermissionTest">
    <skipped/>
  </testcase> <!-- clcallowLocationPermissionTestLogin -->
  <testcase name="clcikLogin" time="0.0" classname="login.ClickloginbuttonfromHomescreenTest">
    <skipped/>
  </testcase> <!-- clcikLogin -->
  <testcase name="SelectCountyCode" time="0.0" classname="login.ClickloginbuttonfromHomescreenTest">
    <skipped/>
  </testcase> <!-- SelectCountyCode -->
  <testcase name="Searchforcounrty" time="0.0" classname="login.ClickloginbuttonfromHomescreenTest">
    <skipped/>
  </testcase> <!-- Searchforcounrty -->
  <testcase name="SelectEgypt" time="0.0" classname="login.ClickloginbuttonfromHomescreenTest">
    <skipped/>
  </testcase> <!-- SelectEgypt -->
  <testcase name="addMobileNumber" time="0.0" classname="login.ClickloginbuttonfromHomescreenTest">
    <skipped/>
  </testcase> <!-- addMobileNumber -->
  <testcase name="clickContinue" time="0.0" classname="login.ClickloginbuttonfromHomescreenTest">
    <skipped/>
  </testcase> <!-- clickContinue -->
  <testcase name="getotp" time="0.0" classname="login.ClickloginbuttonfromHomescreenTest">
    <skipped/>
  </testcase> <!-- getotp -->
  <testcase name="Addingvalidpickup" time="0.0" classname="towing.validPickUPLocationTest">
    <skipped/>
  </testcase> <!-- Addingvalidpickup -->
  <testcase name="SendFujirahPickupLocation" time="0.0" classname="towing.validPickUPLocationTest">
    <skipped/>
  </testcase> <!-- SendFujirahPickupLocation -->
  <testcase name="ClickSearchresultItem" time="0.0" classname="towing.validPickUPLocationTest">
    <skipped/>
  </testcase> <!-- ClickSearchresultItem -->
  <testcase name="selectTowingService" time="0.0" classname="towing.addNormalTowingRequestTest">
    <skipped/>
  </testcase> <!-- selectTowingService -->
  <testcase name="selectNormalTowing" time="0.0" classname="towing.addNormalTowingRequestTest">
    <skipped/>
  </testcase> <!-- selectNormalTowing -->
  <testcase name="AddingDestination" time="0.0" classname="towing.addNormalTowingRequestTest">
    <skipped/>
  </testcase> <!-- AddingDestination -->
  <testcase name="ClickSearchDest" time="0.0" classname="towing.addNormalTowingRequestTest">
    <skipped/>
  </testcase> <!-- ClickSearchDest -->
  <testcase name="SendDestLocation" time="0.0" classname="towing.addNormalTowingRequestTest">
    <skipped/>
  </testcase> <!-- SendDestLocation -->
  <testcase name="ClickSearchItem" time="0.0" classname="towing.addNormalTowingRequestTest">
    <skipped/>
  </testcase> <!-- ClickSearchItem -->
  <testcase name="ConfirmDestination" time="0.0" classname="towing.addNormalTowingRequestTest">
    <skipped/>
  </testcase> <!-- ConfirmDestination -->
  <testcase name="clickAddNoteTowing" time="0.0" classname="towing.addNormalTowingRequestTest">
    <skipped/>
  </testcase> <!-- clickAddNoteTowing -->
  <testcase name="Sendnotevalue" time="0.0" classname="towing.addNormalTowingRequestTest">
    <skipped/>
  </testcase> <!-- Sendnotevalue -->
  <testcase name="ConfirmNote" time="0.0" classname="towing.addNormalTowingRequestTest">
    <skipped/>
  </testcase> <!-- ConfirmNote -->
  <testcase name="ConfirmTowingRequest" time="0.0" classname="towing.addNormalTowingRequestTest">
    <skipped/>
  </testcase> <!-- ConfirmTowingRequest -->
  <testcase name="ConfirmPaymentTowingRequest" time="0.0" classname="towing.addNormalTowingRequestTest">
    <skipped/>
  </testcase> <!-- ConfirmPaymentTowingRequest -->
  <testcase name="OpenFleetURL" time="0.0" classname="fleetAndAdmin.OpenFleetAndAssignRequestTest">
    <skipped/>
  </testcase> <!-- OpenFleetURL -->
  <testcase name="driverLogin" time="0.0" classname="driverApi.API_Driver_Login_Test">
    <skipped/>
  </testcase> <!-- driverLogin -->
  <testcase name="Startjob_Test" time="0.0" classname="driverApi.API_Driver_Startjob_Test">
    <skipped/>
  </testcase> <!-- Startjob_Test -->
  <testcase name="vehiclepickedup" time="0.0" classname="driverApi.API_Driver_vehiclepickedup_Test">
    <skipped/>
  </testcase> <!-- vehiclepickedup -->
  <testcase name="completejob" time="0.0" classname="driverApi.API_Driver_completejob_Test">
    <skipped/>
  </testcase> <!-- completejob -->
  <testcase name="clickratingBarButton" time="0.0" classname="towing.DismissTowingRatesheetTest">
    <skipped/>
  </testcase> <!-- clickratingBarButton -->
  <testcase name="submitRateButton" time="0.0" classname="towing.DismissTowingRatesheetTest">
    <skipped/>
  </testcase> <!-- submitRateButton -->
  <testcase name="assertError" time="0.0" classname="towing.DismissTowingRatesheetTest">
    <skipped/>
  </testcase> <!-- assertError -->
  <testcase name="SelectReason" time="0.0" classname="towing.DismissTowingRatesheetTest">
    <skipped/>
  </testcase> <!-- SelectReason -->
  <testcase name="IssuesTextAssert" time="0.0" classname="towing.DismissTowingRatesheetTest">
    <skipped/>
  </testcase> <!-- IssuesTextAssert -->
  <testcase name="allstarts" time="0.0" classname="towing.DismissTowingRatesheetTest">
    <skipped/>
  </testcase> <!-- allstarts -->
  <testcase name="clickismissRate" time="0.0" classname="towing.DismissTowingRatesheetTest">
    <skipped/>
  </testcase> <!-- clickismissRate -->
  <testcase name="ClickMenu" time="0.0" classname="common.RequestHistoryTest">
    <skipped/>
  </testcase> <!-- ClickMenu -->
  <testcase name="MenuRequestHistory" time="0.0" classname="common.RequestHistoryTest">
    <skipped/>
  </testcase> <!-- MenuRequestHistory -->
  <testcase name="ClickFristItemRequestHistory" time="0.0" classname="common.RequestHistoryTest">
    <skipped/>
  </testcase> <!-- ClickFristItemRequestHistory -->
  <testcase name="scrollitemetails" time="0.0" classname="common.RequestHistoryTest">
    <skipped/>
  </testcase> <!-- scrollitemetails -->
  <testcase name="callriver" time="0.0" classname="common.RequestHistoryTest">
    <skipped/>
  </testcase> <!-- callriver -->
  <testcase name="ratedriver" time="0.0" classname="common.RatesheetTest">
    <skipped/>
  </testcase> <!-- ratedriver -->
  <testcase name="clickratingBarButton" time="0.0" classname="common.RatesheetTest">
    <skipped/>
  </testcase> <!-- clickratingBarButton -->
  <testcase name="submitRateButton" time="0.0" classname="common.RatesheetTest">
    <skipped/>
  </testcase> <!-- submitRateButton -->
  <testcase name="assertError" time="0.0" classname="common.RatesheetTest">
    <skipped/>
  </testcase> <!-- assertError -->
  <testcase name="SelectReason" time="0.0" classname="common.RatesheetTest">
    <skipped/>
  </testcase> <!-- SelectReason -->
  <testcase name="IssuesTextAssert" time="0.0" classname="common.RatesheetTest">
    <skipped/>
  </testcase> <!-- IssuesTextAssert -->
  <testcase name="allstarts" time="0.0" classname="common.RatesheetTest">
    <skipped/>
  </testcase> <!-- allstarts -->
  <testcase name="submit5RateButton" time="0.0" classname="common.RatesheetTest">
    <skipped/>
  </testcase> <!-- submit5RateButton -->
  <testcase name="doneRequestBtn" time="0.0" classname="common.RatesheetTest">
    <skipped/>
  </testcase> <!-- doneRequestBtn -->
  <testcase name="clickAddNote" time="0.0" classname="towing.addNormalTowingRequestTest">
    <ignored/>
  </testcase> <!-- clickAddNote -->
  <testcase name="@AfterTest afterTest" time="0.0" classname="com.ERA.base.Base">
    <ignored/>
  </testcase> <!-- @AfterTest afterTest -->
  <testcase name="@AfterTest afterTest" time="0.0" classname="com.ERA.base.Base">
    <ignored/>
  </testcase> <!-- @AfterTest afterTest -->
  <testcase name="@AfterTest afterTest" time="0.0" classname="com.ERA.base.Base">
    <ignored/>
  </testcase> <!-- @AfterTest afterTest -->
  <testcase name="@AfterTest afterTest" time="0.0" classname="com.ERA.base.Base">
    <ignored/>
  </testcase> <!-- @AfterTest afterTest -->
  <testcase name="@AfterTest afterTest" time="0.0" classname="com.ERA.base.Base">
    <ignored/>
  </testcase> <!-- @AfterTest afterTest -->
  <testcase name="@AfterTest afterTest" time="0.0" classname="com.ERA.base.Base">
    <ignored/>
  </testcase> <!-- @AfterTest afterTest -->
  <testcase name="@AfterTest afterTest" time="0.0" classname="com.ERA.base.Base">
    <ignored/>
  </testcase> <!-- @AfterTest afterTest -->
  <testcase name="@AfterTest afterTest" time="0.0" classname="com.ERA.base.Base">
    <ignored/>
  </testcase> <!-- @AfterTest afterTest -->
  <testcase name="@AfterTest afterTest" time="0.0" classname="com.ERA.base.Base">
    <ignored/>
  </testcase> <!-- @AfterTest afterTest -->
  <testcase name="@AfterTest afterTest" time="0.0" classname="com.ERA.base.Base">
    <ignored/>
  </testcase> <!-- @AfterTest afterTest -->
  <testcase name="@AfterTest afterTest" time="0.0" classname="com.ERA.base.Base">
    <ignored/>
  </testcase> <!-- @AfterTest afterTest -->
  <testcase name="@BeforeTest beforeClass" time="0.0" classname="com.ERA.base.Base">
    <ignored/>
  </testcase> <!-- @BeforeTest beforeClass -->
  <testcase name="@BeforeTest beforeClass" time="0.0" classname="com.ERA.base.Base">
    <ignored/>
  </testcase> <!-- @BeforeTest beforeClass -->
  <testcase name="@BeforeTest beforeClass" time="0.0" classname="com.ERA.base.Base">
    <ignored/>
  </testcase> <!-- @BeforeTest beforeClass -->
  <testcase name="@BeforeTest beforeClass" time="0.0" classname="com.ERA.base.Base">
    <ignored/>
  </testcase> <!-- @BeforeTest beforeClass -->
  <testcase name="@BeforeTest beforeClass" time="0.0" classname="com.ERA.base.Base">
    <ignored/>
  </testcase> <!-- @BeforeTest beforeClass -->
  <testcase name="@BeforeTest beforeClass" time="0.0" classname="com.ERA.base.Base">
    <ignored/>
  </testcase> <!-- @BeforeTest beforeClass -->
  <testcase name="@BeforeTest beforeClass" time="0.0" classname="com.ERA.base.Base">
    <ignored/>
  </testcase> <!-- @BeforeTest beforeClass -->
  <testcase name="@BeforeTest beforeClass" time="0.0" classname="com.ERA.base.Base">
    <ignored/>
  </testcase> <!-- @BeforeTest beforeClass -->
  <testcase name="@BeforeTest beforeClass" time="0.0" classname="com.ERA.base.Base">
    <ignored/>
  </testcase> <!-- @BeforeTest beforeClass -->
  <testcase name="@BeforeTest beforeClass" time="0.0" classname="com.ERA.base.Base">
    <ignored/>
  </testcase> <!-- @BeforeTest beforeClass -->
  <testcase name="@BeforeTest beforeClass" time="0.0" classname="com.ERA.base.Base">
    <ignored/>
  </testcase> <!-- @BeforeTest beforeClass -->
  <testcase name="getotpPolice" time="0.0" classname="login.ClickloginbuttonfromHomescreenTest">
    <ignored/>
  </testcase> <!-- getotpPolice -->
  <testcase name="addPoliceMobileNumber" time="0.0" classname="login.ClickloginbuttonfromHomescreenTest">
    <ignored/>
  </testcase> <!-- addPoliceMobileNumber -->
  <testcase name="@BeforeSuite beforeSuite" time="0.0" classname="com.ERA.base.Base">
    <ignored/>
  </testcase> <!-- @BeforeSuite beforeSuite -->
  <testcase name="@BeforeSuite beforeSuite" time="0.0" classname="com.ERA.base.Base">
    <ignored/>
  </testcase> <!-- @BeforeSuite beforeSuite -->
  <testcase name="@BeforeSuite beforeSuite" time="0.0" classname="com.ERA.base.Base">
    <ignored/>
  </testcase> <!-- @BeforeSuite beforeSuite -->
  <testcase name="@BeforeSuite beforeSuite" time="0.0" classname="com.ERA.base.Base">
    <ignored/>
  </testcase> <!-- @BeforeSuite beforeSuite -->
  <testcase name="@BeforeSuite beforeSuite" time="0.0" classname="com.ERA.base.Base">
    <ignored/>
  </testcase> <!-- @BeforeSuite beforeSuite -->
  <testcase name="@BeforeSuite beforeSuite" time="0.0" classname="com.ERA.base.Base">
    <ignored/>
  </testcase> <!-- @BeforeSuite beforeSuite -->
  <testcase name="@BeforeSuite beforeSuite" time="0.0" classname="com.ERA.base.Base">
    <ignored/>
  </testcase> <!-- @BeforeSuite beforeSuite -->
  <testcase name="@BeforeSuite beforeSuite" time="0.0" classname="com.ERA.base.Base">
    <ignored/>
  </testcase> <!-- @BeforeSuite beforeSuite -->
  <testcase name="@BeforeSuite beforeSuite" time="0.0" classname="com.ERA.base.Base">
    <ignored/>
  </testcase> <!-- @BeforeSuite beforeSuite -->
  <testcase name="@BeforeSuite beforeSuite" time="0.0" classname="com.ERA.base.Base">
    <ignored/>
  </testcase> <!-- @BeforeSuite beforeSuite -->
  <testcase name="@BeforeSuite beforeSuite" time="0.0" classname="com.ERA.base.Base">
    <ignored/>
  </testcase> <!-- @BeforeSuite beforeSuite -->
  <testcase name="@AfterSuite afterSuite" time="0.0" classname="com.ERA.base.Base">
    <ignored/>
  </testcase> <!-- @AfterSuite afterSuite -->
  <testcase name="@AfterSuite afterSuite" time="0.0" classname="com.ERA.base.Base">
    <ignored/>
  </testcase> <!-- @AfterSuite afterSuite -->
  <testcase name="@AfterSuite afterSuite" time="0.0" classname="com.ERA.base.Base">
    <ignored/>
  </testcase> <!-- @AfterSuite afterSuite -->
  <testcase name="@AfterSuite afterSuite" time="0.0" classname="com.ERA.base.Base">
    <ignored/>
  </testcase> <!-- @AfterSuite afterSuite -->
  <testcase name="@AfterSuite afterSuite" time="0.0" classname="com.ERA.base.Base">
    <ignored/>
  </testcase> <!-- @AfterSuite afterSuite -->
  <testcase name="@AfterSuite afterSuite" time="0.0" classname="com.ERA.base.Base">
    <ignored/>
  </testcase> <!-- @AfterSuite afterSuite -->
  <testcase name="@AfterSuite afterSuite" time="0.0" classname="com.ERA.base.Base">
    <ignored/>
  </testcase> <!-- @AfterSuite afterSuite -->
  <testcase name="@AfterSuite afterSuite" time="0.0" classname="com.ERA.base.Base">
    <ignored/>
  </testcase> <!-- @AfterSuite afterSuite -->
  <testcase name="@AfterSuite afterSuite" time="0.0" classname="com.ERA.base.Base">
    <ignored/>
  </testcase> <!-- @AfterSuite afterSuite -->
  <testcase name="@AfterSuite afterSuite" time="0.0" classname="com.ERA.base.Base">
    <ignored/>
  </testcase> <!-- @AfterSuite afterSuite -->
  <testcase name="@AfterSuite afterSuite" time="0.0" classname="com.ERA.base.Base">
    <ignored/>
  </testcase> <!-- @AfterSuite afterSuite -->
</testsuite> <!-- toeewing -->
