<?xml version="1.0" encoding="UTF-8"?>
<testng-results skipped="0" failed="0" ignored="0" total="1" passed="1">
  <reporter-output>
  </reporter-output>
  <suite name="Suite" duration-ms="17527" started-at="2023-02-11T09:48:39 EET" finished-at="2023-02-11T09:48:57 EET">
    <groups>
    </groups>
    <test name="RTA Add New Request" duration-ms="17527" started-at="2023-02-11T09:48:39 EET" finished-at="2023-02-11T09:48:57 EET">
      <class name="RTA_RequestApi.API_Add_RTA_Request_Test">
        <test-method status="PASS" signature="beforeSuite()[pri:0, instance:RTA_RequestApi.API_Add_RTA_Request_Test@a70f16]" name="beforeSuite" is-config="true" duration-ms="155" started-at="2023-02-11T09:48:39 EET" finished-at="2023-02-11T09:48:39 EET">
          <reporter-output>
          </reporter-output>
        </test-method> <!-- beforeSuite -->
        <test-method status="PASS" signature="beforeClass(java.lang.String,java.lang.String,java.lang.String,java.lang.String,boolean,boolean,java.lang.String)[pri:0, instance:RTA_RequestApi.API_Add_RTA_Request_Test@a70f16]" name="beforeClass" is-config="true" duration-ms="12822" started-at="2023-02-11T09:48:39 EET" finished-at="2023-02-11T09:48:52 EET">
          <params>
            <param index="0">
              <value>
                <![CDATA[Galaxy Note9 Testing]]>
              </value>
            </param>
            <param index="1">
              <value>
                <![CDATA[Android]]>
              </value>
            </param>
            <param index="2">
              <value>
                <![CDATA[10]]>
              </value>
            </param>
            <param index="3">
              <value>
                <![CDATA[3232314f42423498]]>
              </value>
            </param>
            <param index="4">
              <value>
                <![CDATA[true]]>
              </value>
            </param>
            <param index="5">
              <value>
                <![CDATA[false]]>
              </value>
            </param>
            <param index="6">
              <value>
                <![CDATA[false]]>
              </value>
            </param>
          </params>
          <reporter-output>
          </reporter-output>
        </test-method> <!-- beforeClass -->
        <test-method status="PASS" signature="Login(java.lang.String,java.lang.String,java.lang.String,java.lang.String,java.lang.String)[pri:1, instance:RTA_RequestApi.API_Add_RTA_Request_Test@a70f16]" name="Login" duration-ms="2241" started-at="2023-02-11T09:48:53 EET" data-provider="RTA_Account" finished-at="2023-02-11T09:48:55 EET">
          <params>
            <param index="0">
              <value>
                <![CDATA[Amiraaa]]>
              </value>
            </param>
            <param index="1">
              <value>
                <![CDATA[1017900001]]>
              </value>
            </param>
            <param index="2">
              <value>
                <![CDATA[4588]]>
              </value>
            </param>
            <param index="3">
              <value>
                <![CDATA[11]]>
              </value>
            </param>
            <param index="4">
              <value>
                <![CDATA[AA]]>
              </value>
            </param>
          </params>
          <reporter-output>
          </reporter-output>
        </test-method> <!-- Login -->
        <test-method status="PASS" signature="afterMethod(java.lang.reflect.Method,org.testng.ITestResult)[pri:0, instance:RTA_RequestApi.API_Add_RTA_Request_Test@a70f16]" name="afterMethod" is-config="true" duration-ms="1643" started-at="2023-02-11T09:48:55 EET" finished-at="2023-02-11T09:48:57 EET">
          <params>
            <param index="0">
              <value>
                <![CDATA[public void RTA_RequestApi.API_Add_RTA_Request_Test.Login(java.lang.String,java.lang.String,java.lang.String,java.lang.String,java.lang.String) throws java.io.IOException]]>
              </value>
            </param>
            <param index="1">
              <value>
                <![CDATA[[TestResult name=Login status=SUCCESS method=API_Add_RTA_Request_Test.Login(java.lang.String,java.lang.String,java.lang.String,java.lang.String,java.lang.String)[pri:1, instance:RTA_RequestApi.API_Add_RTA_Request_Test@a70f16] output={null}]]]>
              </value>
            </param>
          </params>
          <reporter-output>
          </reporter-output>
        </test-method> <!-- afterMethod -->
        <test-method status="PASS" signature="afterTest()[pri:0, instance:RTA_RequestApi.API_Add_RTA_Request_Test@a70f16]" name="afterTest" is-config="true" duration-ms="0" started-at="2023-02-11T09:48:57 EET" finished-at="2023-02-11T09:48:57 EET">
          <reporter-output>
          </reporter-output>
        </test-method> <!-- afterTest -->
        <test-method status="PASS" signature="afterSuite()[pri:0, instance:RTA_RequestApi.API_Add_RTA_Request_Test@a70f16]" name="afterSuite" is-config="true" duration-ms="354" started-at="2023-02-11T09:48:57 EET" finished-at="2023-02-11T09:48:57 EET">
          <reporter-output>
          </reporter-output>
        </test-method> <!-- afterSuite -->
      </class> <!-- RTA_RequestApi.API_Add_RTA_Request_Test -->
    </test> <!-- RTA Add New Request -->
  </suite> <!-- Suite -->
</testng-results>
