<?xml version="1.0" encoding="UTF-8"?>
<!-- Generated by org.testng.reporters.JUnitXMLReporter -->
<testsuite hostname="AS-40" ignored="0" name="arrived and complete request" tests="13" failures="0" timestamp="2023-01-29T11:56:10 EET" time="124.465" errors="0">
  <testcase name="LocationdataProivder1" time="11.129" classname="driverApi.Get_Driver_location4_Test"/>
  <testcase name="LocationdataProivder2" time="21.623" classname="driverApi.Get_Driver_location4_Test"/>
  <testcase name="LocationdataProivder33" time="31.0" classname="driverApi.Get_Driver_location4_Test"/>
  <testcase name="LocationdataProivder4" time="41.349" classname="driverApi.Get_Driver_location4_Test"/>
  <testcase name="LocationdataProivder5" time="50.908" classname="driverApi.Get_Driver_location4_Test"/>
  <testcase name="LocationdataProivder6" time="61.315" classname="driverApi.Get_Driver_location4_Test"/>
  <testcase name="LocationdataProivder7" time="71.422" classname="driverApi.Get_Driver_location4_Test"/>
  <testcase name="LocationdataProivder8" time="81.228" classname="driverApi.Get_Driver_location4_Test"/>
  <testcase name="LocationdataProivder9" time="91.386" classname="driverApi.Get_Driver_location4_Test"/>
  <testcase name="LocationdataProivder10" time="101.009" classname="driverApi.Get_Driver_location4_Test"/>
  <testcase name="LocationdataProivder12" time="102.14" classname="driverApi.Get_Driver_location4_Test"/>
  <testcase name="vehiclepickedup" time="104.125" classname="driverApi.Get_Driver_location4_Test"/>
  <testcase name="completejob" time="113.331" classname="driverApi.Get_Driver_location4_Test"/>
</testsuite> <!-- arrived and complete request -->
