<?xml version="1.0" encoding="UTF-8"?>
<!-- Generated by org.testng.reporters.JUnitXMLReporter -->
<testsuite hostname="AS-40" ignored="6" name="assign request and strart job " tests="16" failures="0" timestamp="2023-01-29T11:51:59 EET" time="189.422" errors="0">
  <testcase name="setup" time="3.223" classname="NormalUser_FleetAndAdmin.Admin_GetGobId_Test"/>
  <testcase name="loginTest" time="9.684" classname="NormalUser_FleetAndAdmin.Admin_GetGobId_Test"/>
  <testcase name="OpenRequest" time="12.339" classname="NormalUser_FleetAndAdmin.Admin_GetGobId_Test"/>
  <testcase name="SearchWithMobileNumber" time="16.557" classname="NormalUser_FleetAndAdmin.Admin_GetGobId_Test"/>
  <testcase name="GetRequestAndJobOrderID" time="3.105" classname="NormalUser_FleetAndAdmin.Admin_GetGobId_Test"/>
  <testcase name="setup" time="4.697" classname="NormalUser_FleetAndAdmin.Fleet_Towing_AssignRequest_Test"/>
  <testcase name="loginTest" time="24.671" classname="NormalUser_FleetAndAdmin.Fleet_Towing_AssignRequest_Test"/>
  <testcase name="SearchWithjoborderId" time="0.106" classname="NormalUser_FleetAndAdmin.Fleet_Towing_AssignRequest_Test"/>
  <testcase name="clcikAction" time="5.184" classname="NormalUser_FleetAndAdmin.Fleet_Towing_AssignRequest_Test"/>
  <testcase name="Clickdetails" time="5.215" classname="NormalUser_FleetAndAdmin.Fleet_Towing_AssignRequest_Test"/>
  <testcase name="clcikAssignbutton" time="8.202" classname="NormalUser_FleetAndAdmin.Fleet_Towing_AssignRequest_Test"/>
  <testcase name="SerchWithdriverName" time="3.245" classname="NormalUser_FleetAndAdmin.Fleet_Towing_AssignRequest_Test"/>
  <testcase name="selectdriverfromList" time="20.535" classname="NormalUser_FleetAndAdmin.Fleet_Towing_AssignRequest_Test"/>
  <testcase name="confirmAssign" time="5.173" classname="NormalUser_FleetAndAdmin.Fleet_Towing_AssignRequest_Test"/>
  <testcase name="driverLogin" time="2.398" classname="driverApi.API_Driver_Login_Test"/>
  <testcase name="Startjob_Test" time="51.59" classname="driverApi.API_Driver_Startjob_Test"/>
  <testcase name="@BeforeSuite loadConfig" time="0.0" classname="com.ERA.base.BaseClass">
    <ignored/>
  </testcase> <!-- @BeforeSuite loadConfig -->
  <testcase name="@BeforeTest beforeClass" time="0.0" classname="com.ERA.base.Base">
    <ignored/>
  </testcase> <!-- @BeforeTest beforeClass -->
  <testcase name="@AfterSuite afterSuite" time="0.0" classname="com.ERA.base.Base">
    <ignored/>
  </testcase> <!-- @AfterSuite afterSuite -->
  <testcase name="@AfterTest afterTest" time="0.0" classname="com.ERA.base.Base">
    <ignored/>
  </testcase> <!-- @AfterTest afterTest -->
  <testcase name="@BeforeSuite beforeSuite" time="0.0" classname="com.ERA.base.Base">
    <ignored/>
  </testcase> <!-- @BeforeSuite beforeSuite -->
  <testcase name="@AfterSuite afterSuite" time="0.0" classname="com.ERA.base.BaseClass">
    <ignored/>
  </testcase> <!-- @AfterSuite afterSuite -->
</testsuite> <!-- assign request and strart job  -->
